Determining if the pthread_create exist failed with the following output:
Change Dir: /home/sudo_car/catkin_ws/build_isolated/ros_arduino_firmware/CMakeFiles/CMakeTmp

Run Build Command:"/usr/bin/ninja" "cmTC_6c8ae"
[1/2] Building C object CMakeFiles/cmTC_6c8ae.dir/CheckSymbolExists.c.o
[2/2] Linking C executable cmTC_6c8ae
FAILED: cmTC_6c8ae 
: && /usr/bin/cc   -rdynamic CMakeFiles/cmTC_6c8ae.dir/CheckSymbolExists.c.o  -o cmTC_6c8ae   && :
CMakeFiles/cmTC_6c8ae.dir/CheckSymbolExists.c.o: In function `main':
CheckSymbolExists.c:(.text+0x14): undefined reference to `pthread_create'
CheckSymbolExists.c:(.text+0x18): undefined reference to `pthread_create'
collect2: error: ld returned 1 exit status
ninja: build stopped: subcommand failed.

File /home/sudo_car/catkin_ws/build_isolated/ros_arduino_firmware/CMakeFiles/CMakeTmp/CheckSymbolExists.c:
/* */
#include <pthread.h>

int main(int argc, char** argv)
{
  (void)argv;
#ifndef pthread_create
  return ((int*)(&pthread_create))[argc];
#else
  (void)argc;
  return 0;
#endif
}

Determining if the function pthread_create exists in the pthreads failed with the following output:
Change Dir: /home/sudo_car/catkin_ws/build_isolated/ros_arduino_firmware/CMakeFiles/CMakeTmp

Run Build Command:"/usr/bin/ninja" "cmTC_e0cc9"
[1/2] Building C object CMakeFiles/cmTC_e0cc9.dir/CheckFunctionExists.c.o
[2/2] Linking C executable cmTC_e0cc9
FAILED: cmTC_e0cc9 
: && /usr/bin/cc -DCHECK_FUNCTION_EXISTS=pthread_create  -rdynamic CMakeFiles/cmTC_e0cc9.dir/CheckFunctionExists.c.o  -o cmTC_e0cc9  -lpthreads && :
/usr/bin/ld: cannot find -lpthreads
collect2: error: ld returned 1 exit status
ninja: build stopped: subcommand failed.


