Determining if the pthread_create exist failed with the following output:
Change Dir: /home/sudo_car/catkin_ws/build_isolated/bot_demo/CMakeFiles/CMakeTmp

Run Build Command:"/usr/bin/ninja" "cmTC_321f0"
[1/2] Building C object CMakeFiles/cmTC_321f0.dir/CheckSymbolExists.c.o
[2/2] Linking C executable cmTC_321f0
FAILED: cmTC_321f0 
: && /usr/bin/cc   -rdynamic CMakeFiles/cmTC_321f0.dir/CheckSymbolExists.c.o  -o cmTC_321f0   && :
CMakeFiles/cmTC_321f0.dir/CheckSymbolExists.c.o: In function `main':
CheckSymbolExists.c:(.text+0x14): undefined reference to `pthread_create'
CheckSymbolExists.c:(.text+0x18): undefined reference to `pthread_create'
collect2: error: ld returned 1 exit status
ninja: build stopped: subcommand failed.

File /home/sudo_car/catkin_ws/build_isolated/bot_demo/CMakeFiles/CMakeTmp/CheckSymbolExists.c:
/* */
#include <pthread.h>

int main(int argc, char** argv)
{
  (void)argv;
#ifndef pthread_create
  return ((int*)(&pthread_create))[argc];
#else
  (void)argc;
  return 0;
#endif
}

Determining if the function pthread_create exists in the pthreads failed with the following output:
Change Dir: /home/sudo_car/catkin_ws/build_isolated/bot_demo/CMakeFiles/CMakeTmp

Run Build Command:"/usr/bin/ninja" "cmTC_f07ff"
[1/2] Building C object CMakeFiles/cmTC_f07ff.dir/CheckFunctionExists.c.o
[2/2] Linking C executable cmTC_f07ff
FAILED: cmTC_f07ff 
: && /usr/bin/cc -DCHECK_FUNCTION_EXISTS=pthread_create  -rdynamic CMakeFiles/cmTC_f07ff.dir/CheckFunctionExists.c.o  -o cmTC_f07ff  -lpthreads && :
/usr/bin/ld: cannot find -lpthreads
collect2: error: ld returned 1 exit status
ninja: build stopped: subcommand failed.


