Determining if the pthread_create exist failed with the following output:
Change Dir: /home/sudo_car/catkin_ws/build_isolated/astra_camera/CMakeFiles/CMakeTmp

Run Build Command:"/usr/bin/ninja" "cmTC_e7cdc"
[1/2] Building C object CMakeFiles/cmTC_e7cdc.dir/CheckSymbolExists.c.o
[2/2] Linking C executable cmTC_e7cdc
FAILED: cmTC_e7cdc 
: && /usr/bin/cc -fPIC -O3  -rdynamic CMakeFiles/cmTC_e7cdc.dir/CheckSymbolExists.c.o  -o cmTC_e7cdc   && :
CMakeFiles/cmTC_e7cdc.dir/CheckSymbolExists.c.o: In function `main':
CheckSymbolExists.c:(.text.startup+0x0): undefined reference to `pthread_create'
CheckSymbolExists.c:(.text.startup+0x4): undefined reference to `pthread_create'
collect2: error: ld returned 1 exit status
ninja: build stopped: subcommand failed.

File /home/sudo_car/catkin_ws/build_isolated/astra_camera/CMakeFiles/CMakeTmp/CheckSymbolExists.c:
/* */
#include <pthread.h>

int main(int argc, char** argv)
{
  (void)argv;
#ifndef pthread_create
  return ((int*)(&pthread_create))[argc];
#else
  (void)argc;
  return 0;
#endif
}

Determining if the function pthread_create exists in the pthreads failed with the following output:
Change Dir: /home/sudo_car/catkin_ws/build_isolated/astra_camera/CMakeFiles/CMakeTmp

Run Build Command:"/usr/bin/ninja" "cmTC_c1b13"
[1/2] Building C object CMakeFiles/cmTC_c1b13.dir/CheckFunctionExists.c.o
[2/2] Linking C executable cmTC_c1b13
FAILED: cmTC_c1b13 
: && /usr/bin/cc -fPIC -O3 -DCHECK_FUNCTION_EXISTS=pthread_create  -rdynamic CMakeFiles/cmTC_c1b13.dir/CheckFunctionExists.c.o  -o cmTC_c1b13  -lpthreads && :
/usr/bin/ld: cannot find -lpthreads
collect2: error: ld returned 1 exit status
ninja: build stopped: subcommand failed.


