Determining if the pthread_create exist failed with the following output:
Change Dir: /home/sudo_car/catkin_ws/build_isolated/i2c_device_ros/CMakeFiles/CMakeTmp

Run Build Command:"/usr/bin/ninja" "cmTC_df8cb"
[1/2] Building C object CMakeFiles/cmTC_df8cb.dir/CheckSymbolExists.c.o
[2/2] Linking C executable cmTC_df8cb
FAILED: cmTC_df8cb 
: && /usr/bin/cc   -rdynamic CMakeFiles/cmTC_df8cb.dir/CheckSymbolExists.c.o  -o cmTC_df8cb   && :
CMakeFiles/cmTC_df8cb.dir/CheckSymbolExists.c.o: In function `main':
CheckSymbolExists.c:(.text+0x14): undefined reference to `pthread_create'
CheckSymbolExists.c:(.text+0x18): undefined reference to `pthread_create'
collect2: error: ld returned 1 exit status
ninja: build stopped: subcommand failed.

File /home/sudo_car/catkin_ws/build_isolated/i2c_device_ros/CMakeFiles/CMakeTmp/CheckSymbolExists.c:
/* */
#include <pthread.h>

int main(int argc, char** argv)
{
  (void)argv;
#ifndef pthread_create
  return ((int*)(&pthread_create))[argc];
#else
  (void)argc;
  return 0;
#endif
}

Determining if the function pthread_create exists in the pthreads failed with the following output:
Change Dir: /home/sudo_car/catkin_ws/build_isolated/i2c_device_ros/CMakeFiles/CMakeTmp

Run Build Command:"/usr/bin/ninja" "cmTC_4f8cc"
[1/2] Building C object CMakeFiles/cmTC_4f8cc.dir/CheckFunctionExists.c.o
[2/2] Linking C executable cmTC_4f8cc
FAILED: cmTC_4f8cc 
: && /usr/bin/cc -DCHECK_FUNCTION_EXISTS=pthread_create  -rdynamic CMakeFiles/cmTC_4f8cc.dir/CheckFunctionExists.c.o  -o cmTC_4f8cc  -lpthreads && :
/usr/bin/ld: cannot find -lpthreads
collect2: error: ld returned 1 exit status
ninja: build stopped: subcommand failed.


