Determining if the pthread_create exist failed with the following output:
Change Dir: /home/sudo_car/catkin_ws/build_isolated/mpu6050_driver/CMakeFiles/CMakeTmp

Run Build Command:"/usr/bin/ninja" "cmTC_17c34"
[1/2] Building C object CMakeFiles/cmTC_17c34.dir/CheckSymbolExists.c.o
[2/2] Linking C executable cmTC_17c34
FAILED: cmTC_17c34 
: && /usr/bin/cc   -rdynamic CMakeFiles/cmTC_17c34.dir/CheckSymbolExists.c.o  -o cmTC_17c34   && :
CMakeFiles/cmTC_17c34.dir/CheckSymbolExists.c.o: In function `main':
CheckSymbolExists.c:(.text+0x14): undefined reference to `pthread_create'
CheckSymbolExists.c:(.text+0x18): undefined reference to `pthread_create'
collect2: error: ld returned 1 exit status
ninja: build stopped: subcommand failed.

File /home/sudo_car/catkin_ws/build_isolated/mpu6050_driver/CMakeFiles/CMakeTmp/CheckSymbolExists.c:
/* */
#include <pthread.h>

int main(int argc, char** argv)
{
  (void)argv;
#ifndef pthread_create
  return ((int*)(&pthread_create))[argc];
#else
  (void)argc;
  return 0;
#endif
}

Determining if the function pthread_create exists in the pthreads failed with the following output:
Change Dir: /home/sudo_car/catkin_ws/build_isolated/mpu6050_driver/CMakeFiles/CMakeTmp

Run Build Command:"/usr/bin/ninja" "cmTC_8a626"
[1/2] Building C object CMakeFiles/cmTC_8a626.dir/CheckFunctionExists.c.o
[2/2] Linking C executable cmTC_8a626
FAILED: cmTC_8a626 
: && /usr/bin/cc -DCHECK_FUNCTION_EXISTS=pthread_create  -rdynamic CMakeFiles/cmTC_8a626.dir/CheckFunctionExists.c.o  -o cmTC_8a626  -lpthreads && :
/usr/bin/ld: cannot find -lpthreads
collect2: error: ld returned 1 exit status
ninja: build stopped: subcommand failed.


